Grammar

    0 $accept: program $end

    1 program: ext_def_list

    2 ext_def_list: ext_def_list ext_def
    3             | %empty

    4 ext_def: type_specifier pointers ID ';'
    5        | type_specifier pointers ID '[' INTEGER_CONST ']' ';'
    6        | struct_specifier ';'
    7        | func_decl compound_stmt

    8 type_specifier: TYPE
    9               | struct_specifier

   10 struct_specifier: STRUCT ID '{' def_list '}'
   11                 | STRUCT ID

   12 func_decl: type_specifier pointers ID '(' ')'
   13          | type_specifier pointers ID '(' param_list ')'

   14 pointers: '*'
   15         | %empty

   16 param_list: param_decl
   17           | param_list ',' param_decl

   18 param_decl: type_specifier pointers ID
   19           | type_specifier pointers ID '[' INTEGER_CONST ']'

   20 def_list: def_list def
   21         | %empty

   22 def: type_specifier pointers ID ';'
   23    | type_specifier pointers ID '[' INTEGER_CONST ']' ';'

   24 compound_stmt: '{' def_list stmt_list '}'

   25 stmt_list: stmt_list stmt
   26          | %empty

   27 stmt: expr ';'
   28     | compound_stmt
   29     | RETURN expr ';'
   30     | ';'
   31     | IF '(' expr ')' stmt
   32     | IF '(' expr ')' stmt ELSE stmt
   33     | WHILE '(' expr ')' stmt
   34     | FOR '(' expr_e ';' expr_e ';' expr_e ')' stmt
   35     | BREAK ';'
   36     | CONTINUE ';'

   37 expr_e: expr
   38       | %empty

   39 expr: unary '=' expr
   40     | binary

   41 binary: binary RELOP binary
   42       | binary EQUOP binary
   43       | binary '+' binary
   44       | binary '-' binary
   45       | binary '*' binary
   46       | binary '/' binary
   47       | binary '%' binary
   48       | unary
   49       | binary LOGICAL_AND binary
   50       | binary LOGICAL_OR binary

   51 unary: '(' expr ')'
   52      | INTEGER_CONST
   53      | CHAR_CONST
   54      | STRING
   55      | ID
   56      | '-' unary
   57      | '!' unary
   58      | unary INCOP
   59      | unary DECOP
   60      | INCOP unary
   61      | DECOP unary
   62      | '&' unary
   63      | '*' unary
   64      | unary '[' expr ']'
   65      | unary '.' ID
   66      | unary STRUCTOP ID
   67      | unary '(' args ')'
   68      | unary '(' ')'
   69      | SYM_NULL

   70 args: expr
   71     | args ',' expr


Terminals, with rules where they appear

    $end (0) 0
    '!' (33) 57
    '%' (37) 47
    '&' (38) 62
    '(' (40) 12 13 31 32 33 34 51 67 68
    ')' (41) 12 13 31 32 33 34 51 67 68
    '*' (42) 14 45 63
    '+' (43) 43
    ',' (44) 17 71
    '-' (45) 44 56
    '.' (46) 65
    '/' (47) 46
    ';' (59) 4 5 6 22 23 27 29 30 34 35 36
    '=' (61) 39
    '[' (91) 5 19 23 64
    ']' (93) 5 19 23 64
    '{' (123) 10 24
    '}' (125) 10 24
    error (256)
    STRUCT (258) 10 11
    SYM_NULL (259) 69
    RETURN (260) 29
    IF (261) 31 32
    ELSE (262) 32
    WHILE (263) 33
    FOR (264) 34
    BREAK (265) 35
    CONTINUE (266) 36
    TYPE <stringVal> (267) 8
    ID <stringVal> (268) 4 5 10 11 12 13 18 19 22 23 55 65 66
    CHAR_CONST <stringVal> (269) 53
    STRING <stringVal> (270) 54
    LOGICAL_OR <stringVal> (271) 50
    LOGICAL_AND <stringVal> (272) 49
    RELOP <stringVal> (273) 41
    EQUOP <stringVal> (274) 42
    INCOP <stringVal> (275) 58 60
    DECOP <stringVal> (276) 59 61
    STRUCTOP <stringVal> (277) 66
    INTEGER_CONST <intVal> (278) 5 19 23 52


Nonterminals, with rules where they appear

    $accept (41)
        on left: 0
    program (42)
        on left: 1
        on right: 0
    ext_def_list (43)
        on left: 2 3
        on right: 1 2
    ext_def (44)
        on left: 4 5 6 7
        on right: 2
    type_specifier (45)
        on left: 8 9
        on right: 4 5 12 13 18 19 22 23
    struct_specifier (46)
        on left: 10 11
        on right: 6 9
    func_decl (47)
        on left: 12 13
        on right: 7
    pointers (48)
        on left: 14 15
        on right: 4 5 12 13 18 19 22 23
    param_list (49)
        on left: 16 17
        on right: 13 17
    param_decl (50)
        on left: 18 19
        on right: 16 17
    def_list (51)
        on left: 20 21
        on right: 10 20 24
    def (52)
        on left: 22 23
        on right: 20
    compound_stmt (53)
        on left: 24
        on right: 7 28
    stmt_list (54)
        on left: 25 26
        on right: 24 25
    stmt (55)
        on left: 27 28 29 30 31 32 33 34 35 36
        on right: 25 31 32 33 34
    expr_e (56)
        on left: 37 38
        on right: 34
    expr (57)
        on left: 39 40
        on right: 27 29 31 32 33 37 39 51 64 70 71
    binary (58)
        on left: 41 42 43 44 45 46 47 48 49 50
        on right: 40 41 42 43 44 45 46 47 49 50
    unary (59)
        on left: 51 52 53 54 55 56 57 58 59 60 61 62 63 64 65 66 67 68 69
        on right: 39 48 56 57 58 59 60 61 62 63 64 65 66 67 68
    args (60)
        on left: 70 71
        on right: 67 71


State 0

    0 $accept: . program $end

    $default  reduce using rule 3 (ext_def_list)

    program       go to state 1
    ext_def_list  go to state 2


State 1

    0 $accept: program . $end

    $end  shift, and go to state 3


State 2

    1 program: ext_def_list .
    2 ext_def_list: ext_def_list . ext_def

    STRUCT  shift, and go to state 4
    TYPE    shift, and go to state 5

    $default  reduce using rule 1 (program)

    ext_def           go to state 6
    type_specifier    go to state 7
    struct_specifier  go to state 8
    func_decl         go to state 9


State 3

    0 $accept: program $end .

    $default  accept


State 4

   10 struct_specifier: STRUCT . ID '{' def_list '}'
   11                 | STRUCT . ID

    ID  shift, and go to state 10


State 5

    8 type_specifier: TYPE .

    $default  reduce using rule 8 (type_specifier)


State 6

    2 ext_def_list: ext_def_list ext_def .

    $default  reduce using rule 2 (ext_def_list)


State 7

    4 ext_def: type_specifier . pointers ID ';'
    5        | type_specifier . pointers ID '[' INTEGER_CONST ']' ';'
   12 func_decl: type_specifier . pointers ID '(' ')'
   13          | type_specifier . pointers ID '(' param_list ')'

    '*'  shift, and go to state 11

    $default  reduce using rule 15 (pointers)

    pointers  go to state 12


State 8

    6 ext_def: struct_specifier . ';'
    9 type_specifier: struct_specifier .

    ';'  shift, and go to state 13

    $default  reduce using rule 9 (type_specifier)


State 9

    7 ext_def: func_decl . compound_stmt

    '{'  shift, and go to state 14

    compound_stmt  go to state 15


State 10

   10 struct_specifier: STRUCT ID . '{' def_list '}'
   11                 | STRUCT ID .

    '{'  shift, and go to state 16

    $default  reduce using rule 11 (struct_specifier)


State 11

   14 pointers: '*' .

    $default  reduce using rule 14 (pointers)


State 12

    4 ext_def: type_specifier pointers . ID ';'
    5        | type_specifier pointers . ID '[' INTEGER_CONST ']' ';'
   12 func_decl: type_specifier pointers . ID '(' ')'
   13          | type_specifier pointers . ID '(' param_list ')'

    ID  shift, and go to state 17


State 13

    6 ext_def: struct_specifier ';' .

    $default  reduce using rule 6 (ext_def)


State 14

   24 compound_stmt: '{' . def_list stmt_list '}'

    $default  reduce using rule 21 (def_list)

    def_list  go to state 18


State 15

    7 ext_def: func_decl compound_stmt .

    $default  reduce using rule 7 (ext_def)


State 16

   10 struct_specifier: STRUCT ID '{' . def_list '}'

    $default  reduce using rule 21 (def_list)

    def_list  go to state 19


State 17

    4 ext_def: type_specifier pointers ID . ';'
    5        | type_specifier pointers ID . '[' INTEGER_CONST ']' ';'
   12 func_decl: type_specifier pointers ID . '(' ')'
   13          | type_specifier pointers ID . '(' param_list ')'

    '('  shift, and go to state 20
    '['  shift, and go to state 21
    ';'  shift, and go to state 22


State 18

   20 def_list: def_list . def
   24 compound_stmt: '{' def_list . stmt_list '}'

    STRUCT  shift, and go to state 4
    TYPE    shift, and go to state 5

    $default  reduce using rule 26 (stmt_list)

    type_specifier    go to state 23
    struct_specifier  go to state 24
    def               go to state 25
    stmt_list         go to state 26


State 19

   10 struct_specifier: STRUCT ID '{' def_list . '}'
   20 def_list: def_list . def

    STRUCT  shift, and go to state 4
    TYPE    shift, and go to state 5
    '}'     shift, and go to state 27

    type_specifier    go to state 23
    struct_specifier  go to state 24
    def               go to state 25


State 20

   12 func_decl: type_specifier pointers ID '(' . ')'
   13          | type_specifier pointers ID '(' . param_list ')'

    STRUCT  shift, and go to state 4
    TYPE    shift, and go to state 5
    ')'     shift, and go to state 28

    type_specifier    go to state 29
    struct_specifier  go to state 24
    param_list        go to state 30
    param_decl        go to state 31


State 21

    5 ext_def: type_specifier pointers ID '[' . INTEGER_CONST ']' ';'

    INTEGER_CONST  shift, and go to state 32


State 22

    4 ext_def: type_specifier pointers ID ';' .

    $default  reduce using rule 4 (ext_def)


State 23

   22 def: type_specifier . pointers ID ';'
   23    | type_specifier . pointers ID '[' INTEGER_CONST ']' ';'

    '*'  shift, and go to state 11

    $default  reduce using rule 15 (pointers)

    pointers  go to state 33


State 24

    9 type_specifier: struct_specifier .

    $default  reduce using rule 9 (type_specifier)


State 25

   20 def_list: def_list def .

    $default  reduce using rule 20 (def_list)


State 26

   24 compound_stmt: '{' def_list stmt_list . '}'
   25 stmt_list: stmt_list . stmt

    SYM_NULL       shift, and go to state 34
    RETURN         shift, and go to state 35
    IF             shift, and go to state 36
    WHILE          shift, and go to state 37
    FOR            shift, and go to state 38
    BREAK          shift, and go to state 39
    CONTINUE       shift, and go to state 40
    ID             shift, and go to state 41
    CHAR_CONST     shift, and go to state 42
    STRING         shift, and go to state 43
    INCOP          shift, and go to state 44
    DECOP          shift, and go to state 45
    INTEGER_CONST  shift, and go to state 46
    '-'            shift, and go to state 47
    '*'            shift, and go to state 48
    '!'            shift, and go to state 49
    '&'            shift, and go to state 50
    '('            shift, and go to state 51
    ';'            shift, and go to state 52
    '{'            shift, and go to state 14
    '}'            shift, and go to state 53

    compound_stmt  go to state 54
    stmt           go to state 55
    expr           go to state 56
    binary         go to state 57
    unary          go to state 58


State 27

   10 struct_specifier: STRUCT ID '{' def_list '}' .

    $default  reduce using rule 10 (struct_specifier)


State 28

   12 func_decl: type_specifier pointers ID '(' ')' .

    $default  reduce using rule 12 (func_decl)


State 29

   18 param_decl: type_specifier . pointers ID
   19           | type_specifier . pointers ID '[' INTEGER_CONST ']'

    '*'  shift, and go to state 11

    $default  reduce using rule 15 (pointers)

    pointers  go to state 59


State 30

   13 func_decl: type_specifier pointers ID '(' param_list . ')'
   17 param_list: param_list . ',' param_decl

    ','  shift, and go to state 60
    ')'  shift, and go to state 61


State 31

   16 param_list: param_decl .

    $default  reduce using rule 16 (param_list)


State 32

    5 ext_def: type_specifier pointers ID '[' INTEGER_CONST . ']' ';'

    ']'  shift, and go to state 62


State 33

   22 def: type_specifier pointers . ID ';'
   23    | type_specifier pointers . ID '[' INTEGER_CONST ']' ';'

    ID  shift, and go to state 63


State 34

   69 unary: SYM_NULL .

    $default  reduce using rule 69 (unary)


State 35

   29 stmt: RETURN . expr ';'

    SYM_NULL       shift, and go to state 34
    ID             shift, and go to state 41
    CHAR_CONST     shift, and go to state 42
    STRING         shift, and go to state 43
    INCOP          shift, and go to state 44
    DECOP          shift, and go to state 45
    INTEGER_CONST  shift, and go to state 46
    '-'            shift, and go to state 47
    '*'            shift, and go to state 48
    '!'            shift, and go to state 49
    '&'            shift, and go to state 50
    '('            shift, and go to state 51

    expr    go to state 64
    binary  go to state 57
    unary   go to state 58


State 36

   31 stmt: IF . '(' expr ')' stmt
   32     | IF . '(' expr ')' stmt ELSE stmt

    '('  shift, and go to state 65


State 37

   33 stmt: WHILE . '(' expr ')' stmt

    '('  shift, and go to state 66


State 38

   34 stmt: FOR . '(' expr_e ';' expr_e ';' expr_e ')' stmt

    '('  shift, and go to state 67


State 39

   35 stmt: BREAK . ';'

    ';'  shift, and go to state 68


State 40

   36 stmt: CONTINUE . ';'

    ';'  shift, and go to state 69


State 41

   55 unary: ID .

    $default  reduce using rule 55 (unary)


State 42

   53 unary: CHAR_CONST .

    $default  reduce using rule 53 (unary)


State 43

   54 unary: STRING .

    $default  reduce using rule 54 (unary)


State 44

   60 unary: INCOP . unary

    SYM_NULL       shift, and go to state 34
    ID             shift, and go to state 41
    CHAR_CONST     shift, and go to state 42
    STRING         shift, and go to state 43
    INCOP          shift, and go to state 44
    DECOP          shift, and go to state 45
    INTEGER_CONST  shift, and go to state 46
    '-'            shift, and go to state 47
    '*'            shift, and go to state 48
    '!'            shift, and go to state 49
    '&'            shift, and go to state 50
    '('            shift, and go to state 51

    unary  go to state 70


State 45

   61 unary: DECOP . unary

    SYM_NULL       shift, and go to state 34
    ID             shift, and go to state 41
    CHAR_CONST     shift, and go to state 42
    STRING         shift, and go to state 43
    INCOP          shift, and go to state 44
    DECOP          shift, and go to state 45
    INTEGER_CONST  shift, and go to state 46
    '-'            shift, and go to state 47
    '*'            shift, and go to state 48
    '!'            shift, and go to state 49
    '&'            shift, and go to state 50
    '('            shift, and go to state 51

    unary  go to state 71


State 46

   52 unary: INTEGER_CONST .

    $default  reduce using rule 52 (unary)


State 47

   56 unary: '-' . unary

    SYM_NULL       shift, and go to state 34
    ID             shift, and go to state 41
    CHAR_CONST     shift, and go to state 42
    STRING         shift, and go to state 43
    INCOP          shift, and go to state 44
    DECOP          shift, and go to state 45
    INTEGER_CONST  shift, and go to state 46
    '-'            shift, and go to state 47
    '*'            shift, and go to state 48
    '!'            shift, and go to state 49
    '&'            shift, and go to state 50
    '('            shift, and go to state 51

    unary  go to state 72


State 48

   63 unary: '*' . unary

    SYM_NULL       shift, and go to state 34
    ID             shift, and go to state 41
    CHAR_CONST     shift, and go to state 42
    STRING         shift, and go to state 43
    INCOP          shift, and go to state 44
    DECOP          shift, and go to state 45
    INTEGER_CONST  shift, and go to state 46
    '-'            shift, and go to state 47
    '*'            shift, and go to state 48
    '!'            shift, and go to state 49
    '&'            shift, and go to state 50
    '('            shift, and go to state 51

    unary  go to state 73


State 49

   57 unary: '!' . unary

    SYM_NULL       shift, and go to state 34
    ID             shift, and go to state 41
    CHAR_CONST     shift, and go to state 42
    STRING         shift, and go to state 43
    INCOP          shift, and go to state 44
    DECOP          shift, and go to state 45
    INTEGER_CONST  shift, and go to state 46
    '-'            shift, and go to state 47
    '*'            shift, and go to state 48
    '!'            shift, and go to state 49
    '&'            shift, and go to state 50
    '('            shift, and go to state 51

    unary  go to state 74


State 50

   62 unary: '&' . unary

    SYM_NULL       shift, and go to state 34
    ID             shift, and go to state 41
    CHAR_CONST     shift, and go to state 42
    STRING         shift, and go to state 43
    INCOP          shift, and go to state 44
    DECOP          shift, and go to state 45
    INTEGER_CONST  shift, and go to state 46
    '-'            shift, and go to state 47
    '*'            shift, and go to state 48
    '!'            shift, and go to state 49
    '&'            shift, and go to state 50
    '('            shift, and go to state 51

    unary  go to state 75


State 51

   51 unary: '(' . expr ')'

    SYM_NULL       shift, and go to state 34
    ID             shift, and go to state 41
    CHAR_CONST     shift, and go to state 42
    STRING         shift, and go to state 43
    INCOP          shift, and go to state 44
    DECOP          shift, and go to state 45
    INTEGER_CONST  shift, and go to state 46
    '-'            shift, and go to state 47
    '*'            shift, and go to state 48
    '!'            shift, and go to state 49
    '&'            shift, and go to state 50
    '('            shift, and go to state 51

    expr    go to state 76
    binary  go to state 57
    unary   go to state 58


State 52

   30 stmt: ';' .

    $default  reduce using rule 30 (stmt)


State 53

   24 compound_stmt: '{' def_list stmt_list '}' .

    $default  reduce using rule 24 (compound_stmt)


State 54

   28 stmt: compound_stmt .

    $default  reduce using rule 28 (stmt)


State 55

   25 stmt_list: stmt_list stmt .

    $default  reduce using rule 25 (stmt_list)


State 56

   27 stmt: expr . ';'

    ';'  shift, and go to state 77


State 57

   40 expr: binary .
   41 binary: binary . RELOP binary
   42       | binary . EQUOP binary
   43       | binary . '+' binary
   44       | binary . '-' binary
   45       | binary . '*' binary
   46       | binary . '/' binary
   47       | binary . '%' binary
   49       | binary . LOGICAL_AND binary
   50       | binary . LOGICAL_OR binary

    LOGICAL_OR   shift, and go to state 78
    LOGICAL_AND  shift, and go to state 79
    RELOP        shift, and go to state 80
    EQUOP        shift, and go to state 81
    '+'          shift, and go to state 82
    '-'          shift, and go to state 83
    '*'          shift, and go to state 84
    '/'          shift, and go to state 85
    '%'          shift, and go to state 86

    $default  reduce using rule 40 (expr)


State 58

   39 expr: unary . '=' expr
   48 binary: unary .
   58 unary: unary . INCOP
   59      | unary . DECOP
   64      | unary . '[' expr ']'
   65      | unary . '.' ID
   66      | unary . STRUCTOP ID
   67      | unary . '(' args ')'
   68      | unary . '(' ')'

    INCOP     shift, and go to state 87
    DECOP     shift, and go to state 88
    STRUCTOP  shift, and go to state 89
    '='       shift, and go to state 90
    '('       shift, and go to state 91
    '.'       shift, and go to state 92
    '['       shift, and go to state 93

    $default  reduce using rule 48 (binary)


State 59

   18 param_decl: type_specifier pointers . ID
   19           | type_specifier pointers . ID '[' INTEGER_CONST ']'

    ID  shift, and go to state 94


State 60

   17 param_list: param_list ',' . param_decl

    STRUCT  shift, and go to state 4
    TYPE    shift, and go to state 5

    type_specifier    go to state 29
    struct_specifier  go to state 24
    param_decl        go to state 95


State 61

   13 func_decl: type_specifier pointers ID '(' param_list ')' .

    $default  reduce using rule 13 (func_decl)


State 62

    5 ext_def: type_specifier pointers ID '[' INTEGER_CONST ']' . ';'

    ';'  shift, and go to state 96


State 63

   22 def: type_specifier pointers ID . ';'
   23    | type_specifier pointers ID . '[' INTEGER_CONST ']' ';'

    '['  shift, and go to state 97
    ';'  shift, and go to state 98


State 64

   29 stmt: RETURN expr . ';'

    ';'  shift, and go to state 99


State 65

   31 stmt: IF '(' . expr ')' stmt
   32     | IF '(' . expr ')' stmt ELSE stmt

    SYM_NULL       shift, and go to state 34
    ID             shift, and go to state 41
    CHAR_CONST     shift, and go to state 42
    STRING         shift, and go to state 43
    INCOP          shift, and go to state 44
    DECOP          shift, and go to state 45
    INTEGER_CONST  shift, and go to state 46
    '-'            shift, and go to state 47
    '*'            shift, and go to state 48
    '!'            shift, and go to state 49
    '&'            shift, and go to state 50
    '('            shift, and go to state 51

    expr    go to state 100
    binary  go to state 57
    unary   go to state 58


State 66

   33 stmt: WHILE '(' . expr ')' stmt

    SYM_NULL       shift, and go to state 34
    ID             shift, and go to state 41
    CHAR_CONST     shift, and go to state 42
    STRING         shift, and go to state 43
    INCOP          shift, and go to state 44
    DECOP          shift, and go to state 45
    INTEGER_CONST  shift, and go to state 46
    '-'            shift, and go to state 47
    '*'            shift, and go to state 48
    '!'            shift, and go to state 49
    '&'            shift, and go to state 50
    '('            shift, and go to state 51

    expr    go to state 101
    binary  go to state 57
    unary   go to state 58


State 67

   34 stmt: FOR '(' . expr_e ';' expr_e ';' expr_e ')' stmt

    SYM_NULL       shift, and go to state 34
    ID             shift, and go to state 41
    CHAR_CONST     shift, and go to state 42
    STRING         shift, and go to state 43
    INCOP          shift, and go to state 44
    DECOP          shift, and go to state 45
    INTEGER_CONST  shift, and go to state 46
    '-'            shift, and go to state 47
    '*'            shift, and go to state 48
    '!'            shift, and go to state 49
    '&'            shift, and go to state 50
    '('            shift, and go to state 51

    $default  reduce using rule 38 (expr_e)

    expr_e  go to state 102
    expr    go to state 103
    binary  go to state 57
    unary   go to state 58


State 68

   35 stmt: BREAK ';' .

    $default  reduce using rule 35 (stmt)


State 69

   36 stmt: CONTINUE ';' .

    $default  reduce using rule 36 (stmt)


State 70

   58 unary: unary . INCOP
   59      | unary . DECOP
   60      | INCOP unary .
   64      | unary . '[' expr ']'
   65      | unary . '.' ID
   66      | unary . STRUCTOP ID
   67      | unary . '(' args ')'
   68      | unary . '(' ')'

    INCOP     shift, and go to state 87
    DECOP     shift, and go to state 88
    STRUCTOP  shift, and go to state 89
    '('       shift, and go to state 91
    '.'       shift, and go to state 92
    '['       shift, and go to state 93

    $default  reduce using rule 60 (unary)


State 71

   58 unary: unary . INCOP
   59      | unary . DECOP
   61      | DECOP unary .
   64      | unary . '[' expr ']'
   65      | unary . '.' ID
   66      | unary . STRUCTOP ID
   67      | unary . '(' args ')'
   68      | unary . '(' ')'

    INCOP     shift, and go to state 87
    DECOP     shift, and go to state 88
    STRUCTOP  shift, and go to state 89
    '('       shift, and go to state 91
    '.'       shift, and go to state 92
    '['       shift, and go to state 93

    $default  reduce using rule 61 (unary)


State 72

   56 unary: '-' unary .
   58      | unary . INCOP
   59      | unary . DECOP
   64      | unary . '[' expr ']'
   65      | unary . '.' ID
   66      | unary . STRUCTOP ID
   67      | unary . '(' args ')'
   68      | unary . '(' ')'

    INCOP     shift, and go to state 87
    DECOP     shift, and go to state 88
    STRUCTOP  shift, and go to state 89
    '('       shift, and go to state 91
    '.'       shift, and go to state 92
    '['       shift, and go to state 93

    $default  reduce using rule 56 (unary)


State 73

   58 unary: unary . INCOP
   59      | unary . DECOP
   63      | '*' unary .
   64      | unary . '[' expr ']'
   65      | unary . '.' ID
   66      | unary . STRUCTOP ID
   67      | unary . '(' args ')'
   68      | unary . '(' ')'

    INCOP     shift, and go to state 87
    DECOP     shift, and go to state 88
    STRUCTOP  shift, and go to state 89
    '('       shift, and go to state 91
    '.'       shift, and go to state 92
    '['       shift, and go to state 93

    $default  reduce using rule 63 (unary)


State 74

   57 unary: '!' unary .
   58      | unary . INCOP
   59      | unary . DECOP
   64      | unary . '[' expr ']'
   65      | unary . '.' ID
   66      | unary . STRUCTOP ID
   67      | unary . '(' args ')'
   68      | unary . '(' ')'

    INCOP     shift, and go to state 87
    DECOP     shift, and go to state 88
    STRUCTOP  shift, and go to state 89
    '('       shift, and go to state 91
    '.'       shift, and go to state 92
    '['       shift, and go to state 93

    $default  reduce using rule 57 (unary)


State 75

   58 unary: unary . INCOP
   59      | unary . DECOP
   62      | '&' unary .
   64      | unary . '[' expr ']'
   65      | unary . '.' ID
   66      | unary . STRUCTOP ID
   67      | unary . '(' args ')'
   68      | unary . '(' ')'

    INCOP     shift, and go to state 87
    DECOP     shift, and go to state 88
    STRUCTOP  shift, and go to state 89
    '('       shift, and go to state 91
    '.'       shift, and go to state 92
    '['       shift, and go to state 93

    $default  reduce using rule 62 (unary)


State 76

   51 unary: '(' expr . ')'

    ')'  shift, and go to state 104


State 77

   27 stmt: expr ';' .

    $default  reduce using rule 27 (stmt)


State 78

   50 binary: binary LOGICAL_OR . binary

    SYM_NULL       shift, and go to state 34
    ID             shift, and go to state 41
    CHAR_CONST     shift, and go to state 42
    STRING         shift, and go to state 43
    INCOP          shift, and go to state 44
    DECOP          shift, and go to state 45
    INTEGER_CONST  shift, and go to state 46
    '-'            shift, and go to state 47
    '*'            shift, and go to state 48
    '!'            shift, and go to state 49
    '&'            shift, and go to state 50
    '('            shift, and go to state 51

    binary  go to state 105
    unary   go to state 106


State 79

   49 binary: binary LOGICAL_AND . binary

    SYM_NULL       shift, and go to state 34
    ID             shift, and go to state 41
    CHAR_CONST     shift, and go to state 42
    STRING         shift, and go to state 43
    INCOP          shift, and go to state 44
    DECOP          shift, and go to state 45
    INTEGER_CONST  shift, and go to state 46
    '-'            shift, and go to state 47
    '*'            shift, and go to state 48
    '!'            shift, and go to state 49
    '&'            shift, and go to state 50
    '('            shift, and go to state 51

    binary  go to state 107
    unary   go to state 106


State 80

   41 binary: binary RELOP . binary

    SYM_NULL       shift, and go to state 34
    ID             shift, and go to state 41
    CHAR_CONST     shift, and go to state 42
    STRING         shift, and go to state 43
    INCOP          shift, and go to state 44
    DECOP          shift, and go to state 45
    INTEGER_CONST  shift, and go to state 46
    '-'            shift, and go to state 47
    '*'            shift, and go to state 48
    '!'            shift, and go to state 49
    '&'            shift, and go to state 50
    '('            shift, and go to state 51

    binary  go to state 108
    unary   go to state 106


State 81

   42 binary: binary EQUOP . binary

    SYM_NULL       shift, and go to state 34
    ID             shift, and go to state 41
    CHAR_CONST     shift, and go to state 42
    STRING         shift, and go to state 43
    INCOP          shift, and go to state 44
    DECOP          shift, and go to state 45
    INTEGER_CONST  shift, and go to state 46
    '-'            shift, and go to state 47
    '*'            shift, and go to state 48
    '!'            shift, and go to state 49
    '&'            shift, and go to state 50
    '('            shift, and go to state 51

    binary  go to state 109
    unary   go to state 106


State 82

   43 binary: binary '+' . binary

    SYM_NULL       shift, and go to state 34
    ID             shift, and go to state 41
    CHAR_CONST     shift, and go to state 42
    STRING         shift, and go to state 43
    INCOP          shift, and go to state 44
    DECOP          shift, and go to state 45
    INTEGER_CONST  shift, and go to state 46
    '-'            shift, and go to state 47
    '*'            shift, and go to state 48
    '!'            shift, and go to state 49
    '&'            shift, and go to state 50
    '('            shift, and go to state 51

    binary  go to state 110
    unary   go to state 106


State 83

   44 binary: binary '-' . binary

    SYM_NULL       shift, and go to state 34
    ID             shift, and go to state 41
    CHAR_CONST     shift, and go to state 42
    STRING         shift, and go to state 43
    INCOP          shift, and go to state 44
    DECOP          shift, and go to state 45
    INTEGER_CONST  shift, and go to state 46
    '-'            shift, and go to state 47
    '*'            shift, and go to state 48
    '!'            shift, and go to state 49
    '&'            shift, and go to state 50
    '('            shift, and go to state 51

    binary  go to state 111
    unary   go to state 106


State 84

   45 binary: binary '*' . binary

    SYM_NULL       shift, and go to state 34
    ID             shift, and go to state 41
    CHAR_CONST     shift, and go to state 42
    STRING         shift, and go to state 43
    INCOP          shift, and go to state 44
    DECOP          shift, and go to state 45
    INTEGER_CONST  shift, and go to state 46
    '-'            shift, and go to state 47
    '*'            shift, and go to state 48
    '!'            shift, and go to state 49
    '&'            shift, and go to state 50
    '('            shift, and go to state 51

    binary  go to state 112
    unary   go to state 106


State 85

   46 binary: binary '/' . binary

    SYM_NULL       shift, and go to state 34
    ID             shift, and go to state 41
    CHAR_CONST     shift, and go to state 42
    STRING         shift, and go to state 43
    INCOP          shift, and go to state 44
    DECOP          shift, and go to state 45
    INTEGER_CONST  shift, and go to state 46
    '-'            shift, and go to state 47
    '*'            shift, and go to state 48
    '!'            shift, and go to state 49
    '&'            shift, and go to state 50
    '('            shift, and go to state 51

    binary  go to state 113
    unary   go to state 106


State 86

   47 binary: binary '%' . binary

    SYM_NULL       shift, and go to state 34
    ID             shift, and go to state 41
    CHAR_CONST     shift, and go to state 42
    STRING         shift, and go to state 43
    INCOP          shift, and go to state 44
    DECOP          shift, and go to state 45
    INTEGER_CONST  shift, and go to state 46
    '-'            shift, and go to state 47
    '*'            shift, and go to state 48
    '!'            shift, and go to state 49
    '&'            shift, and go to state 50
    '('            shift, and go to state 51

    binary  go to state 114
    unary   go to state 106


State 87

   58 unary: unary INCOP .

    $default  reduce using rule 58 (unary)


State 88

   59 unary: unary DECOP .

    $default  reduce using rule 59 (unary)


State 89

   66 unary: unary STRUCTOP . ID

    ID  shift, and go to state 115


State 90

   39 expr: unary '=' . expr

    SYM_NULL       shift, and go to state 34
    ID             shift, and go to state 41
    CHAR_CONST     shift, and go to state 42
    STRING         shift, and go to state 43
    INCOP          shift, and go to state 44
    DECOP          shift, and go to state 45
    INTEGER_CONST  shift, and go to state 46
    '-'            shift, and go to state 47
    '*'            shift, and go to state 48
    '!'            shift, and go to state 49
    '&'            shift, and go to state 50
    '('            shift, and go to state 51

    expr    go to state 116
    binary  go to state 57
    unary   go to state 58


State 91

   67 unary: unary '(' . args ')'
   68      | unary '(' . ')'

    SYM_NULL       shift, and go to state 34
    ID             shift, and go to state 41
    CHAR_CONST     shift, and go to state 42
    STRING         shift, and go to state 43
    INCOP          shift, and go to state 44
    DECOP          shift, and go to state 45
    INTEGER_CONST  shift, and go to state 46
    '-'            shift, and go to state 47
    '*'            shift, and go to state 48
    '!'            shift, and go to state 49
    '&'            shift, and go to state 50
    '('            shift, and go to state 51
    ')'            shift, and go to state 117

    expr    go to state 118
    binary  go to state 57
    unary   go to state 58
    args    go to state 119


State 92

   65 unary: unary '.' . ID

    ID  shift, and go to state 120


State 93

   64 unary: unary '[' . expr ']'

    SYM_NULL       shift, and go to state 34
    ID             shift, and go to state 41
    CHAR_CONST     shift, and go to state 42
    STRING         shift, and go to state 43
    INCOP          shift, and go to state 44
    DECOP          shift, and go to state 45
    INTEGER_CONST  shift, and go to state 46
    '-'            shift, and go to state 47
    '*'            shift, and go to state 48
    '!'            shift, and go to state 49
    '&'            shift, and go to state 50
    '('            shift, and go to state 51

    expr    go to state 121
    binary  go to state 57
    unary   go to state 58


State 94

   18 param_decl: type_specifier pointers ID .
   19           | type_specifier pointers ID . '[' INTEGER_CONST ']'

    '['  shift, and go to state 122

    $default  reduce using rule 18 (param_decl)


State 95

   17 param_list: param_list ',' param_decl .

    $default  reduce using rule 17 (param_list)


State 96

    5 ext_def: type_specifier pointers ID '[' INTEGER_CONST ']' ';' .

    $default  reduce using rule 5 (ext_def)


State 97

   23 def: type_specifier pointers ID '[' . INTEGER_CONST ']' ';'

    INTEGER_CONST  shift, and go to state 123


State 98

   22 def: type_specifier pointers ID ';' .

    $default  reduce using rule 22 (def)


State 99

   29 stmt: RETURN expr ';' .

    $default  reduce using rule 29 (stmt)


State 100

   31 stmt: IF '(' expr . ')' stmt
   32     | IF '(' expr . ')' stmt ELSE stmt

    ')'  shift, and go to state 124


State 101

   33 stmt: WHILE '(' expr . ')' stmt

    ')'  shift, and go to state 125


State 102

   34 stmt: FOR '(' expr_e . ';' expr_e ';' expr_e ')' stmt

    ';'  shift, and go to state 126


State 103

   37 expr_e: expr .

    $default  reduce using rule 37 (expr_e)


State 104

   51 unary: '(' expr ')' .

    $default  reduce using rule 51 (unary)


State 105

   41 binary: binary . RELOP binary
   42       | binary . EQUOP binary
   43       | binary . '+' binary
   44       | binary . '-' binary
   45       | binary . '*' binary
   46       | binary . '/' binary
   47       | binary . '%' binary
   49       | binary . LOGICAL_AND binary
   50       | binary . LOGICAL_OR binary
   50       | binary LOGICAL_OR binary .

    LOGICAL_AND  shift, and go to state 79
    RELOP        shift, and go to state 80
    EQUOP        shift, and go to state 81
    '+'          shift, and go to state 82
    '-'          shift, and go to state 83
    '*'          shift, and go to state 84
    '/'          shift, and go to state 85
    '%'          shift, and go to state 86

    $default  reduce using rule 50 (binary)


State 106

   48 binary: unary .
   58 unary: unary . INCOP
   59      | unary . DECOP
   64      | unary . '[' expr ']'
   65      | unary . '.' ID
   66      | unary . STRUCTOP ID
   67      | unary . '(' args ')'
   68      | unary . '(' ')'

    INCOP     shift, and go to state 87
    DECOP     shift, and go to state 88
    STRUCTOP  shift, and go to state 89
    '('       shift, and go to state 91
    '.'       shift, and go to state 92
    '['       shift, and go to state 93

    $default  reduce using rule 48 (binary)


State 107

   41 binary: binary . RELOP binary
   42       | binary . EQUOP binary
   43       | binary . '+' binary
   44       | binary . '-' binary
   45       | binary . '*' binary
   46       | binary . '/' binary
   47       | binary . '%' binary
   49       | binary . LOGICAL_AND binary
   49       | binary LOGICAL_AND binary .
   50       | binary . LOGICAL_OR binary

    RELOP  shift, and go to state 80
    EQUOP  shift, and go to state 81
    '+'    shift, and go to state 82
    '-'    shift, and go to state 83
    '*'    shift, and go to state 84
    '/'    shift, and go to state 85
    '%'    shift, and go to state 86

    $default  reduce using rule 49 (binary)


State 108

   41 binary: binary . RELOP binary
   41       | binary RELOP binary .
   42       | binary . EQUOP binary
   43       | binary . '+' binary
   44       | binary . '-' binary
   45       | binary . '*' binary
   46       | binary . '/' binary
   47       | binary . '%' binary
   49       | binary . LOGICAL_AND binary
   50       | binary . LOGICAL_OR binary

    '+'  shift, and go to state 82
    '-'  shift, and go to state 83
    '*'  shift, and go to state 84
    '/'  shift, and go to state 85
    '%'  shift, and go to state 86

    $default  reduce using rule 41 (binary)


State 109

   41 binary: binary . RELOP binary
   42       | binary . EQUOP binary
   42       | binary EQUOP binary .
   43       | binary . '+' binary
   44       | binary . '-' binary
   45       | binary . '*' binary
   46       | binary . '/' binary
   47       | binary . '%' binary
   49       | binary . LOGICAL_AND binary
   50       | binary . LOGICAL_OR binary

    RELOP  shift, and go to state 80
    '+'    shift, and go to state 82
    '-'    shift, and go to state 83
    '*'    shift, and go to state 84
    '/'    shift, and go to state 85
    '%'    shift, and go to state 86

    $default  reduce using rule 42 (binary)


State 110

   41 binary: binary . RELOP binary
   42       | binary . EQUOP binary
   43       | binary . '+' binary
   43       | binary '+' binary .
   44       | binary . '-' binary
   45       | binary . '*' binary
   46       | binary . '/' binary
   47       | binary . '%' binary
   49       | binary . LOGICAL_AND binary
   50       | binary . LOGICAL_OR binary

    '*'  shift, and go to state 84
    '/'  shift, and go to state 85
    '%'  shift, and go to state 86

    $default  reduce using rule 43 (binary)


State 111

   41 binary: binary . RELOP binary
   42       | binary . EQUOP binary
   43       | binary . '+' binary
   44       | binary . '-' binary
   44       | binary '-' binary .
   45       | binary . '*' binary
   46       | binary . '/' binary
   47       | binary . '%' binary
   49       | binary . LOGICAL_AND binary
   50       | binary . LOGICAL_OR binary

    '*'  shift, and go to state 84
    '/'  shift, and go to state 85
    '%'  shift, and go to state 86

    $default  reduce using rule 44 (binary)


State 112

   41 binary: binary . RELOP binary
   42       | binary . EQUOP binary
   43       | binary . '+' binary
   44       | binary . '-' binary
   45       | binary . '*' binary
   45       | binary '*' binary .
   46       | binary . '/' binary
   47       | binary . '%' binary
   49       | binary . LOGICAL_AND binary
   50       | binary . LOGICAL_OR binary

    $default  reduce using rule 45 (binary)


State 113

   41 binary: binary . RELOP binary
   42       | binary . EQUOP binary
   43       | binary . '+' binary
   44       | binary . '-' binary
   45       | binary . '*' binary
   46       | binary . '/' binary
   46       | binary '/' binary .
   47       | binary . '%' binary
   49       | binary . LOGICAL_AND binary
   50       | binary . LOGICAL_OR binary

    $default  reduce using rule 46 (binary)


State 114

   41 binary: binary . RELOP binary
   42       | binary . EQUOP binary
   43       | binary . '+' binary
   44       | binary . '-' binary
   45       | binary . '*' binary
   46       | binary . '/' binary
   47       | binary . '%' binary
   47       | binary '%' binary .
   49       | binary . LOGICAL_AND binary
   50       | binary . LOGICAL_OR binary

    $default  reduce using rule 47 (binary)


State 115

   66 unary: unary STRUCTOP ID .

    $default  reduce using rule 66 (unary)


State 116

   39 expr: unary '=' expr .

    $default  reduce using rule 39 (expr)


State 117

   68 unary: unary '(' ')' .

    $default  reduce using rule 68 (unary)


State 118

   70 args: expr .

    $default  reduce using rule 70 (args)


State 119

   67 unary: unary '(' args . ')'
   71 args: args . ',' expr

    ','  shift, and go to state 127
    ')'  shift, and go to state 128


State 120

   65 unary: unary '.' ID .

    $default  reduce using rule 65 (unary)


State 121

   64 unary: unary '[' expr . ']'

    ']'  shift, and go to state 129


State 122

   19 param_decl: type_specifier pointers ID '[' . INTEGER_CONST ']'

    INTEGER_CONST  shift, and go to state 130


State 123

   23 def: type_specifier pointers ID '[' INTEGER_CONST . ']' ';'

    ']'  shift, and go to state 131


State 124

   31 stmt: IF '(' expr ')' . stmt
   32     | IF '(' expr ')' . stmt ELSE stmt

    SYM_NULL       shift, and go to state 34
    RETURN         shift, and go to state 35
    IF             shift, and go to state 36
    WHILE          shift, and go to state 37
    FOR            shift, and go to state 38
    BREAK          shift, and go to state 39
    CONTINUE       shift, and go to state 40
    ID             shift, and go to state 41
    CHAR_CONST     shift, and go to state 42
    STRING         shift, and go to state 43
    INCOP          shift, and go to state 44
    DECOP          shift, and go to state 45
    INTEGER_CONST  shift, and go to state 46
    '-'            shift, and go to state 47
    '*'            shift, and go to state 48
    '!'            shift, and go to state 49
    '&'            shift, and go to state 50
    '('            shift, and go to state 51
    ';'            shift, and go to state 52
    '{'            shift, and go to state 14

    compound_stmt  go to state 54
    stmt           go to state 132
    expr           go to state 56
    binary         go to state 57
    unary          go to state 58


State 125

   33 stmt: WHILE '(' expr ')' . stmt

    SYM_NULL       shift, and go to state 34
    RETURN         shift, and go to state 35
    IF             shift, and go to state 36
    WHILE          shift, and go to state 37
    FOR            shift, and go to state 38
    BREAK          shift, and go to state 39
    CONTINUE       shift, and go to state 40
    ID             shift, and go to state 41
    CHAR_CONST     shift, and go to state 42
    STRING         shift, and go to state 43
    INCOP          shift, and go to state 44
    DECOP          shift, and go to state 45
    INTEGER_CONST  shift, and go to state 46
    '-'            shift, and go to state 47
    '*'            shift, and go to state 48
    '!'            shift, and go to state 49
    '&'            shift, and go to state 50
    '('            shift, and go to state 51
    ';'            shift, and go to state 52
    '{'            shift, and go to state 14

    compound_stmt  go to state 54
    stmt           go to state 133
    expr           go to state 56
    binary         go to state 57
    unary          go to state 58


State 126

   34 stmt: FOR '(' expr_e ';' . expr_e ';' expr_e ')' stmt

    SYM_NULL       shift, and go to state 34
    ID             shift, and go to state 41
    CHAR_CONST     shift, and go to state 42
    STRING         shift, and go to state 43
    INCOP          shift, and go to state 44
    DECOP          shift, and go to state 45
    INTEGER_CONST  shift, and go to state 46
    '-'            shift, and go to state 47
    '*'            shift, and go to state 48
    '!'            shift, and go to state 49
    '&'            shift, and go to state 50
    '('            shift, and go to state 51

    $default  reduce using rule 38 (expr_e)

    expr_e  go to state 134
    expr    go to state 103
    binary  go to state 57
    unary   go to state 58


State 127

   71 args: args ',' . expr

    SYM_NULL       shift, and go to state 34
    ID             shift, and go to state 41
    CHAR_CONST     shift, and go to state 42
    STRING         shift, and go to state 43
    INCOP          shift, and go to state 44
    DECOP          shift, and go to state 45
    INTEGER_CONST  shift, and go to state 46
    '-'            shift, and go to state 47
    '*'            shift, and go to state 48
    '!'            shift, and go to state 49
    '&'            shift, and go to state 50
    '('            shift, and go to state 51

    expr    go to state 135
    binary  go to state 57
    unary   go to state 58


State 128

   67 unary: unary '(' args ')' .

    $default  reduce using rule 67 (unary)


State 129

   64 unary: unary '[' expr ']' .

    $default  reduce using rule 64 (unary)


State 130

   19 param_decl: type_specifier pointers ID '[' INTEGER_CONST . ']'

    ']'  shift, and go to state 136


State 131

   23 def: type_specifier pointers ID '[' INTEGER_CONST ']' . ';'

    ';'  shift, and go to state 137


State 132

   31 stmt: IF '(' expr ')' stmt .
   32     | IF '(' expr ')' stmt . ELSE stmt

    ELSE  shift, and go to state 138

    $default  reduce using rule 31 (stmt)


State 133

   33 stmt: WHILE '(' expr ')' stmt .

    $default  reduce using rule 33 (stmt)


State 134

   34 stmt: FOR '(' expr_e ';' expr_e . ';' expr_e ')' stmt

    ';'  shift, and go to state 139


State 135

   71 args: args ',' expr .

    $default  reduce using rule 71 (args)


State 136

   19 param_decl: type_specifier pointers ID '[' INTEGER_CONST ']' .

    $default  reduce using rule 19 (param_decl)


State 137

   23 def: type_specifier pointers ID '[' INTEGER_CONST ']' ';' .

    $default  reduce using rule 23 (def)


State 138

   32 stmt: IF '(' expr ')' stmt ELSE . stmt

    SYM_NULL       shift, and go to state 34
    RETURN         shift, and go to state 35
    IF             shift, and go to state 36
    WHILE          shift, and go to state 37
    FOR            shift, and go to state 38
    BREAK          shift, and go to state 39
    CONTINUE       shift, and go to state 40
    ID             shift, and go to state 41
    CHAR_CONST     shift, and go to state 42
    STRING         shift, and go to state 43
    INCOP          shift, and go to state 44
    DECOP          shift, and go to state 45
    INTEGER_CONST  shift, and go to state 46
    '-'            shift, and go to state 47
    '*'            shift, and go to state 48
    '!'            shift, and go to state 49
    '&'            shift, and go to state 50
    '('            shift, and go to state 51
    ';'            shift, and go to state 52
    '{'            shift, and go to state 14

    compound_stmt  go to state 54
    stmt           go to state 140
    expr           go to state 56
    binary         go to state 57
    unary          go to state 58


State 139

   34 stmt: FOR '(' expr_e ';' expr_e ';' . expr_e ')' stmt

    SYM_NULL       shift, and go to state 34
    ID             shift, and go to state 41
    CHAR_CONST     shift, and go to state 42
    STRING         shift, and go to state 43
    INCOP          shift, and go to state 44
    DECOP          shift, and go to state 45
    INTEGER_CONST  shift, and go to state 46
    '-'            shift, and go to state 47
    '*'            shift, and go to state 48
    '!'            shift, and go to state 49
    '&'            shift, and go to state 50
    '('            shift, and go to state 51

    $default  reduce using rule 38 (expr_e)

    expr_e  go to state 141
    expr    go to state 103
    binary  go to state 57
    unary   go to state 58


State 140

   32 stmt: IF '(' expr ')' stmt ELSE stmt .

    $default  reduce using rule 32 (stmt)


State 141

   34 stmt: FOR '(' expr_e ';' expr_e ';' expr_e . ')' stmt

    ')'  shift, and go to state 142


State 142

   34 stmt: FOR '(' expr_e ';' expr_e ';' expr_e ')' . stmt

    SYM_NULL       shift, and go to state 34
    RETURN         shift, and go to state 35
    IF             shift, and go to state 36
    WHILE          shift, and go to state 37
    FOR            shift, and go to state 38
    BREAK          shift, and go to state 39
    CONTINUE       shift, and go to state 40
    ID             shift, and go to state 41
    CHAR_CONST     shift, and go to state 42
    STRING         shift, and go to state 43
    INCOP          shift, and go to state 44
    DECOP          shift, and go to state 45
    INTEGER_CONST  shift, and go to state 46
    '-'            shift, and go to state 47
    '*'            shift, and go to state 48
    '!'            shift, and go to state 49
    '&'            shift, and go to state 50
    '('            shift, and go to state 51
    ';'            shift, and go to state 52
    '{'            shift, and go to state 14

    compound_stmt  go to state 54
    stmt           go to state 143
    expr           go to state 56
    binary         go to state 57
    unary          go to state 58


State 143

   34 stmt: FOR '(' expr_e ';' expr_e ';' expr_e ')' stmt .

    $default  reduce using rule 34 (stmt)
